[debug] [2018-04-30T18:37:07.790Z] ----------------------------------------------------------------------
[debug] [2018-04-30T18:37:07.791Z] Command:       /usr/local/bin/node /usr/local/bin/firebase deploy
[debug] [2018-04-30T18:37:07.792Z] CLI Version:   3.18.4
[debug] [2018-04-30T18:37:07.792Z] Platform:      darwin
[debug] [2018-04-30T18:37:07.792Z] Node Version:  v9.2.0
[debug] [2018-04-30T18:37:07.792Z] Time:          Mon Apr 30 2018 14:37:07 GMT-0400 (EDT)
[debug] [2018-04-30T18:37:07.792Z] ----------------------------------------------------------------------
[debug] 
[debug] [2018-04-30T18:37:07.801Z] > command requires scopes: ["email","openid","https://www.googleapis.com/auth/cloudplatformprojects.readonly","https://www.googleapis.com/auth/firebase","https://www.googleapis.com/auth/cloud-platform"]
[debug] [2018-04-30T18:37:07.801Z] > authorizing via signed-in user
[debug] [2018-04-30T18:37:07.802Z] >>> HTTP REQUEST GET https://admin.firebase.com/v1/projects/votify-b9360  
  
 Mon Apr 30 2018 14:37:07 GMT-0400 (EDT)
[debug] [2018-04-30T18:37:08.223Z] <<< HTTP RESPONSE 200
[debug] [2018-04-30T18:37:08.223Z] >>> HTTP REQUEST GET https://admin.firebase.com/v1/database/votify-b9360/tokens  
  
 Mon Apr 30 2018 14:37:08 GMT-0400 (EDT)
[debug] [2018-04-30T18:37:08.791Z] <<< HTTP RESPONSE 200
[info] 
[info] === Deploying to 'votify-b9360'...
[info] 
[info] i  deploying database, storage, firestore, hosting
[debug] [2018-04-30T18:37:09.179Z] TypeError: rulesConfig.forEach is not a function
    at module.exports (/usr/local/lib/node_modules/firebase-tools/lib/deploy/database/prepare.js:27:15)
    at _chain (/usr/local/lib/node_modules/firebase-tools/lib/deploy/index.js:26:38)
    at /usr/local/lib/node_modules/firebase-tools/lib/deploy/index.js:83:14
    at <anonymous>
    at process._tickDomainCallback (internal/process/next_tick.js:228:7)
[error] 
[error] Error: An unexpected error has occurred.
